<?xml version="1.0" encoding="UTF-8"?>
<!-- Generated by org.testng.reporters.JUnitReportReporter -->
<testsuite hostname="YAVORDEV" name="com.skrill.interns.selenium.MyAccountTest" tests="1" failures="0" timestamp="10 Dec 2013 12:04:33 GMT" time="8.329" errors="0">
  <testcase name="the_user_can_logIn_and_logOut" time="8.329" classname="com.skrill.interns.selenium.MyAccountTest"/>
</testsuite> <!-- com.skrill.interns.selenium.MyAccountTest -->
