<?xml version="1.0" encoding="UTF-8"?>
<!-- Generated by org.testng.reporters.JUnitReportReporter -->
<testsuite hostname="YAVORDEV" name="com.skrill.interns.calculator.ExpressionTest" tests="19" failures="0" timestamp="3 Dec 2013 16:08:49 GMT" time="0.191" errors="0">
  <testcase name="when_the_string_has_double_number_with_more_than_20_symbols_in_fraction_parse_return_exception" time="0.002" classname="com.skrill.interns.calculator.ExpressionTest"/>
  <testcase name="when_the_string_has_double_number_with_more_than_10_symbols_in_integer_part_parse_return_exception" time="0.107" classname="com.skrill.interns.calculator.ExpressionTest"/>
  <testcase name="when_have_expression_getOperand_returns_left_operand" time="0.001" classname="com.skrill.interns.calculator.ExpressionTest"/>
  <testcase name="when_selectOption_has_plus_operation" time="0.002" classname="com.skrill.interns.calculator.ExpressionTest"/>
  <testcase name="when_call_subtract_method_it_returns_subtraction" time="0.001" classname="com.skrill.interns.calculator.ExpressionTest"/>
  <testcase name="when_the_string_is_expression_with_only_one_number_parse_thorws_exception" time="0.001" classname="com.skrill.interns.calculator.ExpressionTest"/>
  <testcase name="when_selectOption_has_minus_operation" time="0.002" classname="com.skrill.interns.calculator.ExpressionTest"/>
  <testcase name="when_the_string_is_correct_expression_calculate_calculated_it_test3" time="0.008" classname="com.skrill.interns.calculator.ExpressionTest"/>
  <testcase name="when_call_mult_method_it_returns_multiplication" time="0.001" classname="com.skrill.interns.calculator.ExpressionTest"/>
  <testcase name="when_selectOption_has_mult_operation" time="0.001" classname="com.skrill.interns.calculator.ExpressionTest"/>
  <testcase name="when_the_string_contain_different_symbols_than_numbers_and_operations_parse_throws_exception" time="0.002" classname="com.skrill.interns.calculator.ExpressionTest"/>
  <testcase name="when_the_string_is_null_parse_throws_exception" time="0.001" classname="com.skrill.interns.calculator.ExpressionTest"/>
  <testcase name="when_the_string_is_correct_expression_calculate_calculated_it_test2" time="0.009" classname="com.skrill.interns.calculator.ExpressionTest"/>
  <testcase name="when_call_devide_method_and_second_operand_is_0_it_returns_exceptions" time="0.001" classname="com.skrill.interns.calculator.ExpressionTest"/>
  <testcase name="when_call_devide_method_it_returns_quotient" time="0.003" classname="com.skrill.interns.calculator.ExpressionTest"/>
  <testcase name="when_call_add_method_it_returns_total" time="0.041" classname="com.skrill.interns.calculator.ExpressionTest"/>
  <testcase name="when_the_string_is_expression_with_two_zeros_parse_doesnt_throws_exception" time="0.001" classname="com.skrill.interns.calculator.ExpressionTest"/>
  <testcase name="when_selectOption_has_divide_operation" time="0.002" classname="com.skrill.interns.calculator.ExpressionTest"/>
  <testcase name="when_the_string_is_correct_expression_calculate_calculated_it_test1" time="0.005" classname="com.skrill.interns.calculator.ExpressionTest"/>
</testsuite> <!-- com.skrill.interns.calculator.ExpressionTest -->
