<?xml version="1.0" encoding="UTF-8"?>
<!-- Generated by org.testng.reporters.JUnitReportReporter -->
<testsuite hostname="YAVORDEV" name="com.skrill.interns.calculator.ExpressionGeneratorTest" tests="7" failures="0" timestamp="27 Nov 2013 13:22:14 GMT" time="0.020" errors="0">
  <testcase name="when_the_string_has_number_with_length_more_than_3_return_false" time="0.001" classname="com.skrill.interns.calculator.ExpressionGeneratorTest"/>
  <testcase name="when_the_string_is_expression_with_only_one_number_return_false" time="0.001" classname="com.skrill.interns.calculator.ExpressionGeneratorTest"/>
  <testcase name="when_the_string_is_null_return_false" time="0.000" classname="com.skrill.interns.calculator.ExpressionGeneratorTest"/>
  <testcase name="when_the_string_is_expression_with_two_zeros_return_true" time="0.001" classname="com.skrill.interns.calculator.ExpressionGeneratorTest"/>
  <testcase name="when_the_string_contain_different_symbols_than_numbers_and_operations_return_false" time="0.015" classname="com.skrill.interns.calculator.ExpressionGeneratorTest"/>
  <testcase name="when_the_string_has_double_number_with_more_than_20_symbols_in_fraction_return_false" time="0.001" classname="com.skrill.interns.calculator.ExpressionGeneratorTest"/>
  <testcase name="when_the_string_is_long_expression_return_true" time="0.001" classname="com.skrill.interns.calculator.ExpressionGeneratorTest"/>
</testsuite> <!-- com.skrill.interns.calculator.ExpressionGeneratorTest -->
